<?xml version="1.0" encoding="UTF-8"?>
<Site BuildName="Linux-c89-gcc"
	BuildStamp="20250930-0804-Experimental"
	Name="student-VirtualBox"
	Generator="ctest-3.16.3"
	CompilerName=""
	CompilerVersion=""
	OSName="Linux"
	Hostname="student-VirtualBox"
	OSRelease="5.15.0-139-generic"
	OSVersion="#149~20.04.1-Ubuntu SMP Wed Apr 16 08:29:56 UTC 2025"
	OSPlatform="x86_64"
	Is64Bits="1"
	VendorString="AuthenticAMD"
	VendorID="Advanced Micro Devices"
	FamilyID="23"
	ModelID="96"
	ProcessorCacheSize="512"
	NumberOfLogicalCPU="4"
	NumberOfPhysicalCPU="4"
	TotalVirtualMemory="2047"
	TotalPhysicalMemory="5779"
	LogicalProcessorsPerPhysical="1"
	ProcessorClockFrequency="2994.37"
	>
	<Testing>
		<StartDateTime>Sep 30 11:16 EEST</StartDateTime>
		<StartTestTime>1759220170</StartTestTime>
		<TestList/>
		<EndDateTime>Sep 30 11:16 EEST</EndDateTime>
		<EndTestTime>1759220170</EndTestTime>
		<ElapsedMinutes>0</ElapsedMinutes>
	</Testing>
</Site>
